{"contracts/Blacklist.sol":{"l":{"18":3,"19":3,"24":3,"29":3,"30":1,"35":3,"36":1,"41":25,"46":2,"47":2,"52":1,"53":1},"path":"/home/leoscant/Projects/MasterZ/Token/contracts/Blacklist.sol","s":{"1":3,"2":3,"3":3,"4":2,"5":1,"6":3,"7":2,"8":1,"9":25,"10":2,"11":2,"12":1,"13":1},"b":{"1":[3,0],"2":[2,1],"3":[2,1]},"f":{"1":3,"2":3,"3":3,"4":3,"5":3,"6":25,"7":2,"8":1},"fnMap":{"1":{"name":"constructor","line":14,"loc":{"start":{"line":14,"column":4},"end":{"line":14,"column":19}}},"2":{"name":"onlyOwnerOrAllowed","line":17,"loc":{"start":{"line":17,"column":4},"end":{"line":20,"column":4}}},"3":{"name":"isTokenAllowed","line":23,"loc":{"start":{"line":23,"column":4},"end":{"line":25,"column":4}}},"4":{"name":"allowToken","line":28,"loc":{"start":{"line":28,"column":4},"end":{"line":31,"column":4}}},"5":{"name":"disallowToken","line":34,"loc":{"start":{"line":34,"column":4},"end":{"line":37,"column":4}}},"6":{"name":"getBlacklistStatus","line":40,"loc":{"start":{"line":40,"column":4},"end":{"line":42,"column":4}}},"7":{"name":"addBlackList","line":45,"loc":{"start":{"line":45,"column":4},"end":{"line":48,"column":4}}},"8":{"name":"removeBlackList","line":51,"loc":{"start":{"line":51,"column":4},"end":{"line":54,"column":4}}}},"statementMap":{"1":{"start":{"line":18,"column":8},"end":{"line":18,"column":64}},"2":{"start":{"line":24,"column":8},"end":{"line":24,"column":35}},"3":{"start":{"line":29,"column":8},"end":{"line":29,"column":64}},"4":{"start":{"line":29,"column":33},"end":{"line":29,"column":63}},"5":{"start":{"line":30,"column":8},"end":{"line":30,"column":34}},"6":{"start":{"line":35,"column":8},"end":{"line":35,"column":64}},"7":{"start":{"line":35,"column":33},"end":{"line":35,"column":63}},"8":{"start":{"line":36,"column":8},"end":{"line":36,"column":35}},"9":{"start":{"line":41,"column":8},"end":{"line":41,"column":36}},"10":{"start":{"line":46,"column":8},"end":{"line":46,"column":38}},"11":{"start":{"line":47,"column":8},"end":{"line":47,"column":38}},"12":{"start":{"line":52,"column":8},"end":{"line":52,"column":42}},"13":{"start":{"line":53,"column":8},"end":{"line":53,"column":43}}},"branchMap":{"1":{"line":18,"type":"if","locations":[{"start":{"line":18,"column":8},"end":{"line":18,"column":8}},{"start":{"line":18,"column":8},"end":{"line":18,"column":8}}]},"2":{"line":29,"type":"if","locations":[{"start":{"line":29,"column":8},"end":{"line":29,"column":8}},{"start":{"line":29,"column":8},"end":{"line":29,"column":8}}]},"3":{"line":35,"type":"if","locations":[{"start":{"line":35,"column":8},"end":{"line":35,"column":8}},{"start":{"line":35,"column":8},"end":{"line":35,"column":8}}]}}},"contracts/interfaces/IBlacklist.sol":{"l":{},"path":"/home/leoscant/Projects/MasterZ/Token/contracts/interfaces/IBlacklist.sol","s":{},"b":{},"f":{},"fnMap":{},"statementMap":{},"branchMap":{}},"contracts/Token.sol":{"l":{"17":3,"18":3,"22":5,"23":3,"27":1,"28":1,"32":2,"33":2,"37":1,"38":1,"42":12,"43":12,"44":10},"path":"/home/leoscant/Projects/MasterZ/Token/contracts/Token.sol","s":{"1":3,"2":3,"3":5,"4":3,"5":1,"6":1,"7":2,"8":2,"9":1,"10":1,"11":12,"12":10},"b":{"1":[3,0],"2":[10,2],"3":[8,2]},"f":{"1":3,"2":5,"3":1,"4":2,"5":1,"6":12},"fnMap":{"1":{"name":"constructor","line":16,"loc":{"start":{"line":16,"column":4},"end":{"line":19,"column":4}}},"2":{"name":"mint","line":21,"loc":{"start":{"line":21,"column":4},"end":{"line":24,"column":4}}},"3":{"name":"burn","line":26,"loc":{"start":{"line":26,"column":4},"end":{"line":29,"column":4}}},"4":{"name":"insertInBlackList","line":31,"loc":{"start":{"line":31,"column":4},"end":{"line":34,"column":4}}},"5":{"name":"removeFromBlackList","line":36,"loc":{"start":{"line":36,"column":4},"end":{"line":39,"column":4}}},"6":{"name":"_beforeTokenTransfer","line":41,"loc":{"start":{"line":41,"column":4},"end":{"line":45,"column":4}}}},"statementMap":{"1":{"start":{"line":17,"column":8},"end":{"line":17,"column":77}},"2":{"start":{"line":18,"column":8},"end":{"line":18,"column":48}},"3":{"start":{"line":22,"column":8},"end":{"line":22,"column":29}},"4":{"start":{"line":23,"column":8},"end":{"line":23,"column":42}},"5":{"start":{"line":27,"column":8},"end":{"line":27,"column":32}},"6":{"start":{"line":28,"column":8},"end":{"line":28,"column":45}},"7":{"start":{"line":32,"column":8},"end":{"line":32,"column":43}},"8":{"start":{"line":33,"column":8},"end":{"line":33,"column":35}},"9":{"start":{"line":37,"column":8},"end":{"line":37,"column":46}},"10":{"start":{"line":38,"column":8},"end":{"line":38,"column":39}},"11":{"start":{"line":43,"column":8},"end":{"line":43,"column":84}},"12":{"start":{"line":44,"column":8},"end":{"line":44,"column":85}}},"branchMap":{"1":{"line":17,"type":"if","locations":[{"start":{"line":17,"column":8},"end":{"line":17,"column":8}},{"start":{"line":17,"column":8},"end":{"line":17,"column":8}}]},"2":{"line":43,"type":"if","locations":[{"start":{"line":43,"column":8},"end":{"line":43,"column":8}},{"start":{"line":43,"column":8},"end":{"line":43,"column":8}}]},"3":{"line":44,"type":"if","locations":[{"start":{"line":44,"column":8},"end":{"line":44,"column":8}},{"start":{"line":44,"column":8},"end":{"line":44,"column":8}}]}}}}