{
"contracts/Blacklist.sol":{"l":{"17":1,"18":1,"23":23,"31":2,"32":2,"33":2,"37":1,"38":1,"39":1},"path":"/home/leoscant/Projects/MasterZ/HW1/contracts/Blacklist.sol","s":{"1":1,"2":0,"3":1,"4":23,"5":2,"6":0,"7":2,"8":2,"9":1,"10":0,"11":1,"12":1},"b":{"1":[0,1],"2":[0,2],"3":[0,1]},"f":{"1":3,"2":1,"3":23,"4":2,"5":1},"fnMap":{"1":{"name":"constructor","line":14,"loc":{"start":{"line":14,"column":4},"end":{"line":14,"column":19}}},"2":{"name":"allowedToken","line":16,"loc":{"start":{"line":16,"column":4},"end":{"line":19,"column":4}}},"3":{"name":"getBlacklistStatus","line":22,"loc":{"start":{"line":22,"column":4},"end":{"line":24,"column":4}}},"4":{"name":"addBlackList","line":30,"loc":{"start":{"line":30,"column":4},"end":{"line":34,"column":4}}},"5":{"name":"removeBlackList","line":36,"loc":{"start":{"line":36,"column":4},"end":{"line":40,"column":4}}}},"statementMap":{"1":{"start":{"line":17,"column":8},"end":{"line":17,"column":41}},"2":{"start":{"line":17,"column":33},"end":{"line":17,"column":40}},"3":{"start":{"line":18,"column":8},"end":{"line":18,"column":34}},"4":{"start":{"line":23,"column":8},"end":{"line":23,"column":36}},"5":{"start":{"line":31,"column":8},"end":{"line":31,"column":43}},"6":{"start":{"line":31,"column":35},"end":{"line":31,"column":42}},"7":{"start":{"line":32,"column":8},"end":{"line":32,"column":38}},"8":{"start":{"line":33,"column":8},"end":{"line":33,"column":38}},"9":{"start":{"line":37,"column":8},"end":{"line":37,"column":43}},"10":{"start":{"line":37,"column":35},"end":{"line":37,"column":42}},"11":{"start":{"line":38,"column":8},"end":{"line":38,"column":42}},"12":{"start":{"line":39,"column":8},"end":{"line":39,"column":43}}},"branchMap":{"1":{"line":17,"type":"if","locations":[{"start":{"line":17,"column":8},"end":{"line":17,"column":8}},{"start":{"line":17,"column":8},"end":{"line":17,"column":8}}]},"2":{"line":31,"type":"if","locations":[{"start":{"line":31,"column":8},"end":{"line":31,"column":8}},{"start":{"line":31,"column":8},"end":{"line":31,"column":8}}]},"3":{"line":37,"type":"if","locations":[{"start":{"line":37,"column":8},"end":{"line":37,"column":8}},{"start":{"line":37,"column":8},"end":{"line":37,"column":8}}]}}},
"contracts/interfaces/IBlacklist.sol":{"l":{},"path":"/home/leoscant/Projects/MasterZ/HW1/contracts/interfaces/IBlacklist.sol","s":{},"b":{},"f":{},"fnMap":{},"statementMap":{},"branchMap":{}},
"contracts/Token.sol":{"l":{"12":3,"20":5,"24":0,"28":2,"32":1,"36":11,"37":11,"38":4},"path":"/home/leoscant/Projects/MasterZ/HW1/contracts/Token.sol","s":{"1":3,"2":5,"3":0,"4":2,"5":1,"6":11,"7":4},"b":{"1":[4,7]},"f":{"1":3,"2":5,"3":0,"4":2,"5":1,"6":11},"fnMap":{"1":{"name":"constructor","line":11,"loc":{"start":{"line":11,"column":4},"end":{"line":13,"column":4}}},"2":{"name":"mint","line":19,"loc":{"start":{"line":19,"column":4},"end":{"line":21,"column":4}}},"3":{"name":"burn","line":23,"loc":{"start":{"line":23,"column":4},"end":{"line":25,"column":4}}},"4":{"name":"insertInBlackList","line":27,"loc":{"start":{"line":27,"column":4},"end":{"line":29,"column":4}}},"5":{"name":"removeFromBlackList","line":31,"loc":{"start":{"line":31,"column":4},"end":{"line":33,"column":4}}},"6":{"name":"_beforeTokenTransfer","line":35,"loc":{"start":{"line":35,"column":4},"end":{"line":41,"column":4}}}},"statementMap":{"1":{"start":{"line":12,"column":8},"end":{"line":12,"column":49}},"2":{"start":{"line":20,"column":8},"end":{"line":20,"column":29}},"3":{"start":{"line":24,"column":8},"end":{"line":24,"column":32}},"4":{"start":{"line":28,"column":8},"end":{"line":28,"column":59}},"5":{"start":{"line":32,"column":8},"end":{"line":32,"column":62}},"6":{"start":{"line":37,"column":8},"end":{"line":37,"column":1157}},"7":{"start":{"line":38,"column":12},"end":{"line":38,"column":40}}},"branchMap":{"1":{"line":37,"type":"if","locations":[{"start":{"line":37,"column":8},"end":{"line":37,"column":8}},{"start":{"line":37,"column":8},"end":{"line":37,"column":8}}]}}}}
