TN:
SF:/home/leoscant/Projects/MasterZ/HW1/contracts/Blacklist.sol
FN:14,constructor
FN:16,allowedToken
FN:22,getBlacklistStatus
FN:30,addBlackList
FN:36,removeBlackList
FNF:5
FNH:5
FNDA:3,constructor
FNDA:1,allowedToken
FNDA:23,getBlacklistStatus
FNDA:2,addBlackList
FNDA:1,removeBlackList
DA:17,1
DA:18,1
DA:23,23
DA:31,2
DA:32,2
DA:33,2
DA:37,1
DA:38,1
DA:39,1
LF:9
LH:9
BRDA:17,1,0,0
BRDA:17,1,1,1
BRDA:31,2,0,0
BRDA:31,2,1,2
BRDA:37,3,0,0
BRDA:37,3,1,1
BRF:6
BRH:3
end_of_record
TN:
SF:/home/leoscant/Projects/MasterZ/HW1/contracts/interfaces/IBlacklist.sol
FNF:0
FNH:0
LF:0
LH:0
BRF:0
BRH:0
end_of_record
TN:
SF:/home/leoscant/Projects/MasterZ/HW1/contracts/Token.sol
FN:11,constructor
FN:19,mint
FN:23,burn
FN:27,insertInBlackList
FN:31,removeFromBlackList
FN:35,_beforeTokenTransfer
FNF:6
FNH:5
FNDA:3,constructor
FNDA:5,mint
FNDA:0,burn
FNDA:2,insertInBlackList
FNDA:1,removeFromBlackList
FNDA:11,_beforeTokenTransfer
DA:12,3
DA:20,5
DA:24,0
DA:28,2
DA:32,1
DA:36,11
DA:37,11
DA:38,4
LF:8
LH:7
BRDA:37,1,0,4
BRDA:37,1,1,7
BRF:2
BRH:2
end_of_record
