TN:
SF:/home/leoscant/Projects/MasterZ/Token/contracts/Blacklist.sol
FN:14,constructor
FN:17,onlyOwnerOrAllowed
FN:23,isTokenAllowed
FN:28,allowToken
FN:34,disallowToken
FN:40,getBlacklistStatus
FN:45,addBlackList
FN:51,removeBlackList
FNF:8
FNH:8
FNDA:3,constructor
FNDA:3,onlyOwnerOrAllowed
FNDA:3,isTokenAllowed
FNDA:1,allowToken
FNDA:1,disallowToken
FNDA:23,getBlacklistStatus
FNDA:2,addBlackList
FNDA:1,removeBlackList
DA:18,3
DA:19,3
DA:24,3
DA:29,1
DA:30,1
DA:35,1
DA:36,1
DA:41,23
DA:46,2
DA:47,2
DA:52,1
DA:53,1
LF:12
LH:12
BRDA:18,1,0,3
BRDA:18,1,1,0
BRDA:29,2,0,0
BRDA:29,2,1,1
BRDA:35,3,0,0
BRDA:35,3,1,1
BRF:6
BRH:3
end_of_record
TN:
SF:/home/leoscant/Projects/MasterZ/Token/contracts/interfaces/IBlacklist.sol
FNF:0
FNH:0
LF:0
LH:0
BRF:0
BRH:0
end_of_record
TN:
SF:/home/leoscant/Projects/MasterZ/Token/contracts/Token.sol
FN:16,constructor
FN:21,mint
FN:26,burn
FN:31,insertInBlackList
FN:36,removeFromBlackList
FN:41,_beforeTokenTransfer
FNF:6
FNH:5
FNDA:3,constructor
FNDA:5,mint
FNDA:0,burn
FNDA:2,insertInBlackList
FNDA:1,removeFromBlackList
FNDA:11,_beforeTokenTransfer
DA:17,3
DA:18,3
DA:22,5
DA:23,3
DA:27,0
DA:28,0
DA:32,2
DA:33,2
DA:37,1
DA:38,1
DA:42,11
DA:43,11
DA:44,9
LF:13
LH:11
BRDA:17,1,0,3
BRDA:17,1,1,0
BRDA:43,2,0,9
BRDA:43,2,1,2
BRDA:44,3,0,7
BRDA:44,3,1,2
BRF:6
BRH:5
end_of_record
